[debug] [2023-05-30T22:46:52.074Z] ----------------------------------------------------------------------
[debug] [2023-05-30T22:46:52.080Z] Command:       /usr/local/bin/firebase /Users/joshuaalexanderaureumadvisory.com/.cache/firebase/tools/lib/node_modules/firebase-tools/lib/bin/firebase deploy
[debug] [2023-05-30T22:46:52.081Z] CLI Version:   12.2.1
[debug] [2023-05-30T22:46:52.081Z] Platform:      darwin
[debug] [2023-05-30T22:46:52.082Z] Node Version:  v16.16.0
[debug] [2023-05-30T22:46:52.095Z] Time:          Tue May 30 2023 23:46:52 GMT+0100 (British Summer Time)
[debug] [2023-05-30T22:46:52.097Z] ----------------------------------------------------------------------
[debug] 
[debug] [2023-05-30T22:46:52.444Z] > command requires scopes: ["email","openid","https://www.googleapis.com/auth/cloudplatformprojects.readonly","https://www.googleapis.com/auth/firebase","https://www.googleapis.com/auth/cloud-platform"]
[debug] [2023-05-30T22:46:52.449Z] > authorizing via signed-in user (joshualukealexander@gmail.com)
[debug] [2023-05-30T22:46:52.450Z] [iam] checking project oloid-1f778 for permissions ["firebase.projects.get","firebasehosting.sites.update"]
[debug] [2023-05-30T22:46:52.459Z] >>> [apiv2][query] POST https://cloudresourcemanager.googleapis.com/v1/projects/oloid-1f778:testIamPermissions [none]
[debug] [2023-05-30T22:46:52.464Z] >>> [apiv2][(partial)header] POST https://cloudresourcemanager.googleapis.com/v1/projects/oloid-1f778:testIamPermissions x-goog-quota-user=projects/oloid-1f778
[debug] [2023-05-30T22:46:52.467Z] >>> [apiv2][body] POST https://cloudresourcemanager.googleapis.com/v1/projects/oloid-1f778:testIamPermissions {"permissions":["firebase.projects.get","firebasehosting.sites.update"]}
[debug] [2023-05-30T22:46:53.061Z] <<< [apiv2][status] POST https://cloudresourcemanager.googleapis.com/v1/projects/oloid-1f778:testIamPermissions 200
[debug] [2023-05-30T22:46:53.067Z] <<< [apiv2][body] POST https://cloudresourcemanager.googleapis.com/v1/projects/oloid-1f778:testIamPermissions {"permissions":["firebase.projects.get","firebasehosting.sites.update"]}
[debug] [2023-05-30T22:46:53.073Z] >>> [apiv2][query] GET https://firebase.googleapis.com/v1beta1/projects/oloid-1f778 [none]
[debug] [2023-05-30T22:46:53.466Z] <<< [apiv2][status] GET https://firebase.googleapis.com/v1beta1/projects/oloid-1f778 200
[debug] [2023-05-30T22:46:53.469Z] <<< [apiv2][body] GET https://firebase.googleapis.com/v1beta1/projects/oloid-1f778 {"projectId":"oloid-1f778","projectNumber":"1071871770223","displayName":"OLOID","name":"projects/oloid-1f778","resources":{"hostingSite":"oloid-1f778"},"state":"ACTIVE","etag":"1_b6d99bdb-e8cc-4828-960a-f1f0d70a296e"}
[info] 
[info] === Deploying to 'oloid-1f778'...
[info] 
[info] i  deploying hosting 
[debug] [2023-05-30T22:46:53.500Z] >>> [apiv2][query] POST https://firebasehosting.googleapis.com/v1beta1/projects/-/sites/oloid-1f778/versions [none]
[debug] [2023-05-30T22:46:53.505Z] >>> [apiv2][body] POST https://firebasehosting.googleapis.com/v1beta1/projects/-/sites/oloid-1f778/versions {"status":"CREATED","labels":{"deployment-tool":"cli-firebase"}}
[debug] [2023-05-30T22:48:13.747Z] Error: Timed out.
    at Timeout._onTimeout (/Users/joshuaalexanderaureumadvisory.com/.cache/firebase/tools/lib/node_modules/firebase-tools/lib/utils.js:253:49)
    at listOnTimeout (node:internal/timers:559:17)
    at processTimers (node:internal/timers:502:7)
[error] 
[error] Error: An unexpected error has occurred.
